{
  "RSpec": {
    "coverage": {
      "/Users/shinstar5/Documents/111-1/SOA/Project/TopPop_API/require_app.rb": {
        "lines": [
          null,
          null,
          null,
          1,
          1,
          6,
          null,
          null
        ]
      },
      "/Users/shinstar5/Documents/111-1/SOA/Project/TopPop_API/lib/entities/information.rb": {
        "lines": [
          null,
          null,
          1,
          1,
          null,
          1,
          null,
          1,
          null,
          1,
          1,
          1,
          null,
          1,
          1,
          1,
          1,
          1,
          null,
          null,
          null
        ]
      },
      "/Users/shinstar5/Documents/111-1/SOA/Project/TopPop_API/lib/entities/video.rb": {
        "lines": [
          null,
          null,
          1,
          1,
          null,
          1,
          null,
          1,
          1,
          1,
          null,
          1,
          1,
          1,
          1,
          null,
          null,
          null
        ]
      },
      "/Users/shinstar5/Documents/111-1/SOA/Project/TopPop_API/lib/gateways/youtube_api.rb": {
        "lines": [
          null,
          null,
          1,
          null,
          1,
          1,
          null,
          1,
          1,
          4,
          null,
          null,
          1,
          4,
          null,
          null,
          1,
          0,
          null,
          null,
          null,
          1,
          1,
          null,
          1,
          4,
          null,
          null,
          1,
          4,
          null,
          null,
          1,
          4,
          null,
          null,
          1,
          4,
          null,
          4,
          4,
          null,
          null,
          null,
          null,
          null,
          1,
          1,
          null,
          null,
          1,
          null,
          null,
          1,
          4,
          null,
          null,
          1,
          2,
          null,
          null,
          null,
          null,
          null
        ]
      },
      "/Users/shinstar5/Documents/111-1/SOA/Project/TopPop_API/lib/init.rb": {
        "lines": [
          null,
          null,
          null,
          null,
          null,
          null,
          null,
          null
        ]
      },
      "/Users/shinstar5/Documents/111-1/SOA/Project/TopPop_API/lib/mappers/search_mapper.rb": {
        "lines": [
          null,
          null,
          1,
          null,
          1,
          1,
          null,
          1,
          1,
          4,
          4,
          4,
          null,
          null,
          1,
          4,
          2,
          null,
          null,
          1,
          2,
          null,
          null,
          null,
          1,
          1,
          2,
          null,
          null,
          1,
          2,
          null,
          null,
          null,
          null,
          null,
          null,
          null,
          null,
          1,
          2,
          null,
          null,
          1,
          2,
          null,
          null,
          1,
          2,
          null,
          null,
          1,
          2,
          null,
          null,
          1,
          2,
          null,
          null,
          null,
          null,
          null
        ]
      },
      "/Users/shinstar5/Documents/111-1/SOA/Project/TopPop_API/lib/mappers/video_mapper.rb": {
        "lines": [
          null,
          null,
          1,
          null,
          1,
          null,
          1,
          1,
          2,
          null,
          null,
          1,
          2,
          10,
          null,
          null,
          null,
          1,
          10,
          null,
          null,
          null,
          1,
          1,
          10,
          null,
          null,
          1,
          10,
          null,
          null,
          null,
          null,
          null,
          null,
          null,
          1,
          null,
          1,
          10,
          null,
          null,
          1,
          10,
          null,
          null,
          1,
          10,
          null,
          null,
          1,
          10,
          null,
          null,
          null,
          null,
          null
        ]
      }
    },
    "timestamp": 1666951366
  }
}
